@00000000 14002183 lw x3, 00000140(x0)
@00000001 14402103 lw x2, 00000144(x0)
@00000002 00400413 addi x8, x0, 0x04       // Load scratch Rx-Byte-Available mask
@00000003 3C000593 addi x11, x0, @Stack    // Initialize Stack
@00000004 14800213 addi x4, x0, @String_OK     // Set pointer to String
@00000005 054002EF jal x5, @PrintString
@00000006 00000513 addi x10, x0, 0x00          // Clear port A
@00000007 044002EF jal x5, @WritePortA
@00000008 0A40036F jal x6, @PollRxAvail
@00000009 00114083 lbu x1, 0x1(x2)             // Read Rx reg at offset 0x01
@0000000A 00008513 addi x10, x1, 0x0
@0000000B 034002EF jal x5, @WritePortA
@0000000C 068002EF jal x5, @PrintChar          // Echo char to Terminal
@0000000D 00400393 addi x7, x0, 0x04           // Check EoT
@0000000E 00708E63 beq x1, x7, @Exit           // Exit
@0000000F 00D00393 addi x7, x0, 0x0D           // Check return char = 0x0D
@00000010 00709863 bne x1, x7, @Cont           // Continue
@00000011 00A00513 addi x10, x0, 0x0A          // Send line-feed
@00000012 00A10123 sb x10, 0x2(x2)
@00000013 0580036F jal x6, @PollTxBusy
@00000014 FD1FF06F jal x0, @WaitForByte        // Loop
@00000015 15000213 addi x4, x0, @String_Bye
@00000016 010002EF jal x5, @PrintString
@00000017 00100073 ebreak
@00000018 00A18023 sb x10, 0x0(x3)
@00000019 00028067 jalr x0, 0x0(x5)        // return
@0000001A FFC58593 addi x11, x11, -4      // Move stack pointer
@0000001B 0015A223 sw x1, 0x4(x11)        // Push x1
@0000001C 00024083 lbu x1, 0x0(x4)         // Load x1 to what x4 is pointing at
@0000001D 00008C63 beq x1, x0, @PSExit     // Is x1 a Null char
@0000001E 00110123 sb x1, 0x2(x2)          // Send
@0000001F 0280036F jal x6, @PollTxBusy
@00000020 00120213 addi x4, x4, 1          // Next char
@00000021 FEDFF06F jal x0, @PrintLoop
@00000023 0045A083 lw x1, 0x4(x11)        // Pop x1
@00000024 00458593 addi x11, x11, 4       // Move stack pointer
@00000025 00028067 jalr x0, 0x0(x5)        // return
@00000026 00110123 sb x1, 0x2(x2)          // Send by storing in Rx buffer
@00000027 0080036F jal x6, @PollTxBusy
@00000028 00028067 jalr x0, 0x0(x5)        // return
@00000029 FFC58593 addi x11, x11, -4      // Move stack pointer
@0000002A 0015A223 sw x1, 0x4(x11)        // Push x1
@0000002B 00014083 lbu x1, 0x0(x2)         // Load UART Control reg
@0000002C 0020F093 andi x1, x1, 0x02       // Mask = 00000010
@0000002D FE101CE3 bne x0, x1, @PollLoop
@0000002E 0045A083 lw x1, 0x4(x11)         // Pop x1
@0000002F 00458593 addi x11, x11, 4        // Move stack pointer
@00000030 00030067 jalr x0, 0x0(x6)        // return
@00000031 FFC58593 addi x11, x11, -4      // Move stack pointer
@00000032 0015A223 sw x1, 0x4(x11)        // Push x1
@00000033 00014083 lbu x1, 0x0(x2)         // Read Control reg at offset 0x0
@00000034 0080F0B3 and x1, x1, x8          // Mask = 00000100
@00000035 FE141CE3 bne x8, x1, @PollRxLoop
@00000036 0045A083 lw x1, 0x4(x11)         // Pop x1
@00000037 00458593 addi x11, x11, 4        // Move stack pointer
@00000038 00030067 jalr x0, 0x0(x6)        // return
@00000050 00400000 d: 00400000    // Base address of Port A
@00000051 00400100 d: 00400100    // Base address of UART IO
@00000052 0A0D6B4F d: 0A0D6B4F    // "Ok\r\n" + null
@00000053 00000000 d: 00000000
@00000054 0D657942 d: 0D657942    // "Bye\r\n" + null
@00000055 0000000A d: 0000000A
